SF:lib\core\error\failure.dart
DA:6,39
DA:8,1
DA:9,2
DA:14,0
DA:19,0
DA:23,38
DA:27,0
DA:31,2
DA:35,0
DA:39,0
LF:10
LH:5
end_of_record
SF:lib\features\auth\domain\entity\user_entity.dart
DA:14,5
DA:26,1
DA:37,1
DA:38,1
DA:39,0
DA:40,0
DA:41,0
DA:42,0
DA:43,1
DA:44,1
DA:45,1
DA:46,1
DA:50,1
DA:51,1
DA:52,1
DA:53,1
DA:54,1
DA:55,1
DA:56,1
DA:57,1
DA:58,1
DA:59,1
DA:60,1
DA:63,0
DA:64,0
DA:65,0
DA:66,0
DA:67,0
DA:68,0
DA:69,0
DA:70,0
DA:71,0
DA:72,0
DA:74,0
DA:75,0
DA:76,0
DA:80,0
DA:81,0
DA:82,0
DA:83,0
DA:84,0
DA:85,0
DA:86,0
DA:87,0
DA:88,0
DA:89,0
DA:90,0
LF:47
LH:19
end_of_record
SF:lib\app\context\auth_service.dart
DA:12,0
DA:13,0
DA:15,0
DA:16,0
DA:19,0
DA:20,0
DA:21,0
DA:22,0
DA:25,0
DA:26,0
DA:27,0
DA:28,0
DA:33,0
DA:34,0
DA:37,0
DA:38,0
DA:39,0
DA:41,0
DA:46,0
DA:47,0
DA:48,0
LF:21
LH:0
end_of_record
SF:lib\features\auth\domain\use_case\auth_login_usecase.dart
DA:13,3
DA:15,1
DA:16,2
DA:17,6
DA:24,1
DA:30,1
DA:32,2
DA:33,1
DA:34,1
DA:39,1
DA:40,1
DA:42,1
DA:44,1
DA:50,2
DA:53,1
LF:15
LH:15
end_of_record
SF:lib\app\constant\api\api_endpoints.dart
DA:2,0
DA:35,0
LF:2
LH:0
end_of_record
SF:lib\app\constant\hive\hive_table_constant.dart
DA:2,0
LF:1
LH:0
end_of_record
SF:lib\app\service_locator\service_locator.dart
DA:64,0
DA:66,0
DA:67,0
DA:68,0
DA:69,0
DA:70,0
DA:72,0
DA:73,0
DA:75,0
DA:76,0
DA:77,0
DA:78,0
DA:79,0
DA:80,0
DA:81,0
DA:82,0
DA:83,0
DA:84,0
DA:87,0
DA:88,0
DA:89,0
DA:94,0
DA:95,0
DA:96,0
DA:99,0
DA:100,0
DA:101,0
DA:102,0
DA:106,0
DA:107,0
DA:108,0
DA:112,0
DA:113,0
DA:114,0
DA:118,0
DA:119,0
DA:120,0
DA:121,0
DA:125,0
DA:126,0
DA:129,0
DA:130,0
DA:135,0
DA:136,0
DA:137,0
DA:140,0
DA:141,0
DA:142,0
DA:143,0
DA:147,0
DA:148,0
DA:149,0
DA:153,0
DA:154,0
DA:155,0
DA:160,0
DA:161,0
DA:162,0
DA:166,0
DA:167,0
DA:168,0
DA:172,0
DA:173,0
DA:174,0
DA:178,0
DA:179,0
DA:180,0
DA:185,0
DA:186,0
DA:187,0
DA:191,0
DA:193,0
DA:194,0
DA:197,0
DA:198,0
DA:201,0
DA:202,0
DA:203,0
DA:207,0
DA:208,0
DA:212,0
DA:213,0
DA:214,0
DA:215,0
DA:216,0
DA:221,0
DA:222,0
DA:225,0
DA:226,0
DA:230,0
DA:232,0
DA:233,0
DA:236,0
DA:237,0
DA:240,0
DA:241,0
DA:242,0
DA:246,0
DA:247,0
DA:248,0
DA:253,0
DA:254,0
DA:255,0
DA:256,0
DA:257,0
DA:262,0
DA:263,0
DA:264,0
DA:268,0
DA:269,0
DA:270,0
DA:274,0
DA:275,0
DA:276,0
DA:280,0
DA:281,0
DA:282,0
DA:283,0
DA:284,0
DA:289,0
DA:290,0
DA:291,0
DA:292,0
DA:297,0
DA:298,0
DA:299,0
DA:300,0
DA:304,0
DA:305,0
DA:306,0
DA:309,0
DA:310,0
DA:311,0
DA:312,0
DA:313,0
DA:317,0
DA:318,0
DA:319,0
DA:320,0
DA:325,0
DA:326,0
DA:327,0
DA:331,0
DA:332,0
DA:333,0
DA:335,0
DA:336,0
DA:338,0
DA:339,0
DA:340,0
DA:341,0
DA:342,0
DA:346,0
DA:347,0
DA:348,0
DA:352,0
DA:353,0
DA:356,0
DA:357,0
DA:360,0
DA:361,0
DA:362,0
DA:363,0
DA:364,0
LF:164
LH:0
end_of_record
SF:lib\core\common\internet_checker\internet_checker_impl.dart
DA:5,0
DA:8,0
LF:2
LH:0
end_of_record
SF:lib\core\network\api_service.dart
DA:14,0
DA:18,0
DA:20,0
DA:21,0
DA:22,0
DA:23,0
DA:24,0
DA:30,0
DA:31,0
DA:32,0
DA:34,0
DA:37,0
DA:40,0
DA:45,0
DA:46,0
DA:47,0
LF:16
LH:0
end_of_record
SF:lib\core\network\hive_service.dart
DA:10,0
DA:11,0
DA:12,0
DA:13,0
DA:15,0
DA:16,0
DA:19,0
DA:20,0
DA:23,0
DA:24,0
DA:27,0
DA:28,0
DA:33,0
DA:34,0
DA:37,0
DA:38,0
DA:41,0
DA:45,0
DA:48,0
DA:49,0
DA:51,0
DA:53,0
DA:56,0
DA:57,0
DA:60,0
DA:61,0
DA:66,0
DA:67,0
DA:68,0
DA:69,0
DA:70,0
DA:72,0
DA:75,0
DA:76,0
DA:77,0
DA:78,0
DA:83,0
DA:84,0
DA:85,0
DA:86,0
DA:89,0
DA:90,0
DA:91,0
DA:92,0
DA:96,0
DA:97,0
DA:100,0
DA:101,0
DA:105,0
DA:106,0
DA:109,0
DA:110,0
DA:111,0
DA:113,0
DA:116,0
DA:117,0
DA:120,0
DA:121,0
DA:125,0
DA:126,0
DA:129,0
DA:130,0
DA:133,0
DA:134,0
DA:137,0
DA:138,0
DA:141,0
DA:142,0
DA:145,0
DA:146,0
LF:70
LH:0
end_of_record
SF:lib\features\auth\data\data_source\local_data_source\auth_local_data_source.dart
DA:12,0
DA:18,0
DA:19,0
DA:20,0
DA:23,0
DA:24,0
DA:25,0
DA:28,0
DA:29,0
DA:32,0
DA:33,0
DA:36,0
DA:37,0
DA:38,0
LF:14
LH:0
end_of_record
SF:lib\features\auth\data\data_source\remote_local_source\auth_remote_datasource.dart
DA:15,0
DA:18,0
DA:21,0
DA:22,0
DA:24,0
DA:27,0
DA:30,0
DA:32,0
DA:34,0
DA:35,0
DA:37,0
DA:38,0
DA:43,0
DA:49,0
DA:50,0
DA:52,0
DA:55,0
DA:56,0
DA:59,0
DA:60,0
DA:61,0
DA:63,0
DA:64,0
DA:65,0
DA:67,0
DA:70,0
DA:71,0
DA:73,0
DA:74,0
DA:76,0
DA:77,0
DA:80,0
DA:83,0
DA:84,0
DA:86,0
DA:90,0
DA:92,0
DA:93,0
DA:94,0
DA:97,0
DA:98,0
DA:99,0
DA:100,0
DA:101,0
DA:102,0
DA:104,0
DA:105,0
DA:108,0
DA:111,0
DA:113,0
DA:117,0
DA:126,0
DA:129,0
DA:132,0
DA:133,0
DA:136,0
DA:138,0
DA:139,0
DA:140,0
DA:142,0
DA:146,0
DA:151,0
DA:156,0
DA:157,0
DA:158,0
DA:159,0
DA:161,0
DA:164,0
DA:165,0
DA:168,0
DA:169,0
DA:170,0
DA:172,0
DA:173,0
DA:178,0
DA:184,0
DA:185,0
DA:186,0
DA:189,0
DA:190,0
DA:192,0
DA:193,0
DA:194,0
DA:195,0
DA:199,0
DA:200,0
DA:201,0
DA:205,0
DA:207,0
DA:208,0
DA:211,0
DA:214,0
DA:217,0
DA:223,0
DA:224,0
DA:228,0
DA:229,0
DA:231,0
DA:232,0
DA:233,0
DA:234,0
DA:238,0
DA:239,0
DA:242,0
DA:243,0
DA:248,0
DA:249,0
DA:251,0
DA:254,0
DA:255,0
DA:256,0
DA:257,0
DA:258,0
DA:260,0
DA:265,0
DA:266,0
DA:269,0
DA:270,0
DA:271,0
DA:273,0
DA:275,0
DA:276,0
DA:277,0
DA:278,0
DA:281,0
DA:283,0
DA:284,0
DA:285,0
LF:128
LH:0
end_of_record
SF:lib\features\auth\data\repository\auth_remote_repository.dart
DA:11,0
DA:14,0
DA:17,0
DA:20,0
DA:24,0
DA:30,0
DA:34,0
DA:36,0
DA:40,0
DA:47,0
DA:54,0
DA:58,0
DA:61,0
DA:62,0
DA:64,0
DA:68,0
DA:74,0
DA:78,0
DA:80,0
DA:84,0
DA:86,0
DA:89,0
DA:91,0
DA:94,0
DA:96,0
DA:99,0
DA:101,0
DA:104,0
DA:106,0
LF:29
LH:0
end_of_record
SF:lib\features\auth\domain\repository\auth_repository_impl.dart
DA:17,0
DA:25,0
DA:27,0
DA:28,0
DA:29,0
DA:30,0
DA:34,0
DA:35,0
DA:36,0
DA:43,0
DA:46,0
DA:47,0
DA:50,0
DA:51,0
DA:56,0
DA:57,0
DA:59,0
DA:63,0
DA:68,0
DA:69,0
DA:71,0
DA:72,0
DA:73,0
DA:77,0
DA:81,0
DA:85,0
DA:88,0
DA:89,0
DA:90,0
DA:93,0
DA:94,0
DA:95,0
DA:96,0
DA:98,0
DA:99,0
DA:102,0
DA:104,0
DA:107,0
DA:109,0
DA:112,0
DA:113,0
DA:120,0
DA:121,0
DA:123,0
DA:126,0
DA:129,0
DA:130,0
DA:133,0
DA:135,0
DA:138,0
DA:140,0
DA:143,0
DA:144,0
DA:153,0
DA:155,0
DA:156,0
DA:157,0
DA:158,0
DA:161,0
DA:164,0
DA:167,0
DA:170,0
DA:171,0
DA:174,0
DA:175,0
DA:178,0
DA:180,0
DA:181,0
DA:184,0
DA:188,0
DA:191,0
DA:194,0
DA:197,0
DA:200,0
DA:203,0
DA:206,0
DA:209,0
DA:212,0
DA:215,0
DA:218,0
DA:221,0
DA:224,0
DA:229,0
DA:231,0
DA:232,0
DA:238,0
DA:242,0
DA:243,0
DA:245,0
LF:89
LH:0
end_of_record
SF:lib\features\auth\domain\use_case\auth_register_usecase.dart
DA:15,2
DA:23,1
DA:31,2
DA:32,12
DA:39,1
DA:41,1
DA:43,1
DA:44,1
DA:45,1
DA:46,1
DA:47,1
DA:48,1
DA:51,2
LF:13
LH:13
end_of_record
SF:lib\features\auth\presentation\view_model\login_view_model\login_view_model.dart
DA:18,1
DA:27,2
DA:28,2
DA:31,1
DA:32,1
DA:33,1
DA:35,1
DA:36,2
DA:42,1
DA:44,2
DA:45,1
DA:48,1
DA:49,1
DA:50,1
DA:51,3
DA:53,2
DA:54,1
DA:55,1
DA:59,1
DA:60,1
DA:61,2
DA:66,2
DA:67,1
LF:23
LH:23
end_of_record
SF:lib\features\auth\presentation\view_model\signup_view_model\signup_view_model.dart
DA:20,1
DA:29,1
DA:30,2
DA:33,1
DA:37,3
DA:39,2
DA:40,1
DA:41,1
DA:42,1
DA:43,1
DA:44,1
DA:45,1
DA:49,1
DA:51,1
DA:52,1
DA:53,3
DA:54,2
DA:55,1
DA:60,1
DA:61,3
DA:62,2
DA:63,1
LF:22
LH:22
end_of_record
SF:lib\features\bookings\data\data_source\local_data_source\bookings_local_data_source.dart
DA:9,0
DA:12,0
DA:15,0
DA:16,0
DA:18,0
DA:22,0
DA:25,0
DA:26,0
DA:28,0
DA:32,0
DA:35,0
DA:36,0
DA:38,0
LF:13
LH:0
end_of_record
SF:lib\features\bookings\data\data_source\remote_data_source\bookings_remote_data_source.dart
DA:11,0
DA:14,0
DA:17,0
DA:18,0
DA:20,0
DA:22,0
DA:23,0
DA:25,0
DA:26,0
DA:28,0
DA:32,0
DA:35,0
DA:36,0
DA:37,0
DA:38,0
DA:40,0
DA:41,0
DA:43,0
DA:44,0
DA:46,0
DA:50,0
DA:53,0
DA:54,0
DA:55,0
DA:57,0
DA:58,0
DA:60,0
DA:62,0
DA:63,0
DA:65,0
LF:30
LH:0
end_of_record
SF:lib\features\bookings\data\repository\bookings_local_repository.dart
DA:10,0
DA:13,0
DA:16,0
DA:17,0
DA:19,0
DA:20,0
DA:25,0
DA:31,0
DA:32,0
DA:34,0
DA:35,0
DA:40,0
DA:44,0
DA:45,0
DA:47,0
DA:48,0
LF:16
LH:0
end_of_record
SF:lib\features\bookings\data\repository\bookings_remote_repository.dart
DA:10,0
DA:13,0
DA:16,0
DA:17,0
DA:19,0
DA:23,0
DA:27,0
DA:28,0
DA:30,0
DA:34,0
DA:37,0
DA:38,0
DA:40,0
LF:13
LH:0
end_of_record
SF:lib\features\bookings\domain\repository\bookings_repository_impl.dart
DA:14,0
DA:22,0
DA:24,0
DA:26,0
DA:27,0
DA:28,0
DA:32,0
DA:36,0
DA:41,0
DA:43,0
DA:44,0
DA:45,0
DA:49,0
DA:53,0
DA:55,0
DA:57,0
DA:58,0
DA:59,0
DA:60,0
DA:62,0
DA:63,0
DA:65,0
DA:69,0
LF:23
LH:0
end_of_record
SF:lib\features\bookings\domain\use_case\create_booking_usecase.dart
DA:10,0
DA:13,0
DA:15,0
LF:3
LH:0
end_of_record
SF:lib\features\bookings\domain\use_case\get_my_bookings_usecase.dart
DA:10,0
DA:14,0
DA:16,0
LF:3
LH:0
end_of_record
SF:lib\features\bookings\domain\use_case\update_booking_usecase.dart
DA:12,0
DA:14,0
DA:15,0
DA:22,0
DA:25,0
DA:27,0
LF:6
LH:0
end_of_record
SF:lib\features\bookings\presentation\view_model\all_bookings_view_model.dart
DA:9,0
DA:11,0
DA:12,0
DA:15,0
DA:20,0
DA:23,0
DA:26,0
DA:28,0
DA:30,0
LF:9
LH:0
end_of_record
SF:lib\features\dashboard\presentation\view_model\dashboard_view_model.dart
DA:9,1
DA:11,1
DA:12,2
DA:13,4
DA:15,2
DA:16,2
DA:17,2
DA:18,0
LF:8
LH:7
end_of_record
SF:lib\features\favorites\data\data_source\local_data_source\favorite_local_data_source.dart
DA:7,0
DA:9,0
DA:10,0
DA:13,0
DA:14,0
DA:17,0
DA:18,0
DA:21,0
DA:22,0
DA:25,0
DA:26,0
LF:11
LH:0
end_of_record
SF:lib\features\favorites\data\data_source\remote_data_source\favorite_remote_data_source.dart
DA:13,0
DA:16,0
DA:20,0
DA:22,0
DA:23,0
DA:26,0
DA:27,0
DA:31,0
DA:32,0
DA:33,0
DA:35,0
DA:36,0
DA:37,0
DA:38,0
DA:40,0
DA:41,0
DA:42,0
DA:43,0
DA:44,0
DA:45,0
DA:47,0
DA:48,0
DA:50,0
DA:51,0
DA:52,0
DA:56,0
DA:57,0
DA:58,0
DA:60,0
DA:64,0
DA:70,0
DA:72,0
DA:75,0
DA:79,0
DA:80,0
DA:81,0
DA:84,0
DA:85,0
DA:86,0
DA:88,0
DA:92,0
DA:97,0
DA:98,0
DA:101,0
DA:104,0
DA:105,0
DA:107,0
DA:111,0
DA:112,0
DA:113,0
DA:115,0
DA:119,0
DA:121,0
DA:123,0
DA:126,0
DA:128,0
DA:130,0
LF:57
LH:0
end_of_record
SF:lib\features\favorites\domain\repository\favorite_repository_impl.dart
DA:15,0
DA:23,0
DA:25,0
DA:27,0
DA:30,0
DA:33,0
DA:37,0
DA:39,0
DA:41,0
DA:44,0
DA:46,0
DA:50,0
DA:52,0
DA:54,0
DA:57,0
DA:59,0
DA:63,0
DA:66,0
DA:67,0
DA:69,0
DA:73,0
DA:78,0
DA:81,0
DA:85,0
DA:88,0
DA:91,0
LF:26
LH:0
end_of_record
SF:lib\features\favorites\domain\usecase\add_to_favorite_usecase.dart
DA:11,2
DA:13,2
DA:14,4
DA:21,1
DA:23,1
DA:25,3
LF:6
LH:6
end_of_record
SF:lib\features\favorites\domain\usecase\get_favorites_usecase.dart
DA:11,1
DA:14,1
DA:16,2
LF:3
LH:3
end_of_record
SF:lib\features\favorites\domain\usecase\remove_from_favorite.dart
DA:10,2
DA:12,2
DA:13,4
DA:20,1
DA:22,1
DA:24,3
LF:6
LH:6
end_of_record
SF:lib\features\favorites\presentation\view_model\favorites_view_model.dart
DA:13,1
DA:20,1
DA:21,2
DA:22,2
DA:23,2
DA:26,1
DA:30,1
DA:31,2
DA:32,1
DA:33,4
DA:34,3
DA:38,1
DA:42,4
DA:43,1
DA:46,1
DA:50,4
DA:51,1
LF:17
LH:17
end_of_record
SF:lib\features\guides\data\data_source\local_data_source\guide_local_data_source.dart
DA:8,0
DA:11,0
DA:19,0
DA:20,0
DA:22,0
LF:5
LH:0
end_of_record
SF:lib\features\guides\data\data_source\remote_data_source\guide_remote_data_source.dart
DA:15,0
DA:18,0
DA:26,0
DA:27,0
DA:28,0
DA:29,0
DA:30,0
DA:33,0
DA:34,0
DA:36,0
DA:41,0
DA:42,0
DA:44,0
DA:46,0
DA:47,0
DA:49,0
DA:50,0
DA:51,0
DA:54,0
DA:55,0
DA:58,0
DA:59,0
DA:62,0
DA:63,0
DA:64,0
DA:68,0
DA:69,0
DA:70,0
DA:72,0
DA:73,0
DA:74,0
DA:75,0
DA:77,0
DA:81,0
DA:85,0
DA:89,0
DA:90,0
DA:91,0
DA:93,0
DA:98,0
DA:99,0
DA:101,0
DA:102,0
DA:103,0
DA:104,0
DA:106,0
DA:107,0
LF:47
LH:0
end_of_record
SF:lib\features\guides\data\repository\guide_local_repository.dart
DA:11,0
DA:14,0
DA:22,0
DA:26,0
DA:28,0
DA:29,0
DA:30,0
DA:33,0
DA:34,0
DA:35,0
DA:37,0
DA:38,0
DA:40,0
DA:44,0
DA:48,0
DA:49,0
DA:52,0
LF:17
LH:0
end_of_record
SF:lib\features\guides\data\repository\guide_remote_repository.dart
DA:10,0
DA:13,0
DA:20,0
DA:21,0
DA:30,0
DA:34,0
DA:35,0
DA:37,0
DA:41,0
DA:43,0
LF:10
LH:0
end_of_record
SF:lib\features\guides\domain\repository\guide_repository_impl.dart
DA:14,0
DA:22,0
DA:29,0
DA:31,0
DA:37,0
DA:38,0
DA:39,0
DA:46,0
DA:47,0
DA:48,0
DA:52,0
DA:61,0
DA:63,0
LF:13
LH:0
end_of_record
SF:lib\features\guides\domain\use_case\cache_guides_usecase.dart
DA:9,0
DA:11,0
DA:12,0
LF:3
LH:0
end_of_record
SF:lib\features\guides\domain\use_case\get_all_guides_usecase.dart
DA:12,0
DA:23,0
DA:25,0
DA:26,0
DA:27,0
DA:28,0
DA:29,0
DA:30,0
LF:8
LH:0
end_of_record
SF:lib\features\home\data\data_source\remote_data_source\activity_remote_data_source.dart
DA:12,0
DA:15,0
DA:18,0
DA:19,0
DA:20,0
DA:22,0
DA:23,0
DA:25,0
DA:27,0
DA:28,0
DA:30,0
DA:35,0
DA:38,0
DA:39,0
DA:40,0
DA:42,0
DA:44,0
DA:45,0
DA:47,0
DA:51,0
DA:54,0
DA:55,0
DA:57,0
DA:59,0
DA:60,0
DA:62,0
DA:63,0
DA:65,0
DA:69,0
DA:72,0
DA:73,0
DA:74,0
DA:75,0
DA:77,0
DA:78,0
DA:80,0
DA:81,0
DA:83,0
DA:87,0
DA:90,0
DA:91,0
DA:93,0
DA:94,0
DA:96,0
DA:97,0
DA:99,0
LF:46
LH:0
end_of_record
SF:lib\features\home\data\repository\activity_remote_repository.dart
DA:11,0
DA:15,0
DA:18,0
DA:19,0
DA:21,0
DA:25,0
DA:28,0
DA:29,0
DA:31,0
DA:35,0
DA:38,0
DA:39,0
DA:41,0
DA:45,0
DA:48,0
DA:49,0
DA:51,0
DA:55,0
DA:58,0
DA:59,0
DA:61,0
LF:21
LH:0
end_of_record
SF:lib\features\home\domain\use_case\create_activity_usecase.dart
DA:11,1
DA:13,1
DA:14,2
DA:20,1
DA:22,1
DA:24,3
LF:6
LH:6
end_of_record
SF:lib\features\home\domain\use_case\delete_activity_usecase.dart
DA:10,1
DA:12,1
DA:13,2
DA:19,1
DA:21,1
DA:23,3
LF:6
LH:6
end_of_record
SF:lib\features\home\domain\use_case\get_activity_id_usecase.dart
DA:11,1
DA:13,1
DA:14,2
DA:20,1
DA:22,1
DA:24,3
LF:6
LH:6
end_of_record
SF:lib\features\home\domain\use_case\get_all_activties_usecase.dart
DA:10,1
DA:12,1
DA:14,2
LF:3
LH:3
end_of_record
SF:lib\features\home\domain\use_case\update_activity_usecase.dart
DA:12,1
DA:14,1
DA:15,3
DA:21,1
DA:23,1
DA:25,4
LF:6
LH:6
end_of_record
SF:lib\features\bookings\presentation\view_model\booking_view_model.dart
DA:16,1
DA:23,1
DA:24,2
DA:25,2
DA:26,3
DA:28,1
DA:29,2
DA:30,1
DA:31,1
DA:37,2
DA:38,4
DA:39,4
DA:42,2
DA:43,4
DA:44,4
DA:47,1
DA:48,0
DA:49,0
DA:50,0
DA:53,0
DA:56,0
DA:57,0
DA:58,0
DA:59,0
DA:60,0
DA:61,0
DA:62,0
DA:67,0
DA:68,0
DA:69,0
DA:71,0
DA:72,0
DA:76,0
DA:77,0
DA:84,2
DA:86,1
DA:88,2
DA:89,2
DA:90,2
DA:92,2
DA:93,2
DA:94,1
DA:101,2
DA:102,1
DA:103,2
DA:114,1
DA:115,1
DA:120,1
DA:121,1
DA:122,2
DA:124,0
DA:128,1
DA:131,1
DA:132,0
DA:135,0
DA:136,0
DA:146,2
DA:147,1
DA:148,2
DA:155,1
DA:164,1
DA:165,1
DA:168,3
DA:169,2
DA:171,1
DA:172,0
DA:173,0
DA:174,0
DA:175,0
DA:178,0
DA:182,1
DA:183,2
DA:184,1
DA:185,2
DA:195,2
DA:196,2
DA:199,3
LF:77
LH:50
end_of_record
SF:lib\features\home\presentation\view_model\home_view_model.dart
DA:10,1
DA:11,1
DA:12,2
DA:15,1
DA:20,1
DA:21,2
DA:22,1
DA:23,4
DA:24,3
DA:28,3
DA:32,1
DA:33,1
DA:34,1
DA:36,1
DA:38,1
LF:15
LH:15
end_of_record
SF:lib\features\profile\domain\use_case\get_user_profile_usecase.dart
DA:10,0
DA:13,0
DA:15,0
LF:3
LH:0
end_of_record
SF:lib\features\profile\domain\use_case\update_user_profile_usecase.dart
DA:11,1
DA:20,0
DA:23,0
DA:25,0
DA:26,0
DA:27,0
LF:6
LH:1
end_of_record
SF:lib\features\profile\presentation\view_model\profile_view_model.dart
DA:20,1
DA:25,1
DA:26,1
DA:27,2
DA:28,2
DA:29,2
DA:33,1
DA:37,3
DA:38,2
DA:39,1
DA:40,4
DA:41,4
DA:50,0
DA:54,0
DA:56,0
DA:61,1
DA:65,2
DA:66,3
DA:73,3
DA:79,3
DA:80,4
DA:81,5
DA:82,5
DA:84,1
DA:85,1
DA:96,1
DA:98,2
DA:101,2
DA:102,3
DA:104,1
DA:105,0
DA:106,0
DA:108,1
DA:109,3
DA:116,2
LF:35
LH:30
end_of_record
SF:lib\features\splash\presentation\view_model\splash_view_model.dart
DA:8,1
DA:10,2
DA:11,2
DA:14,1
DA:15,2
DA:17,2
DA:19,2
LF:7
LH:7
end_of_record
SF:lib\core\common\snackbar\my_snack_bar.dart
DA:3,0
DA:8,0
DA:9,0
DA:10,0
LF:4
LH:0
end_of_record
SF:lib\core\network\dio_error_interceptor.dart
DA:4,0
DA:8,0
DA:9,0
DA:11,0
DA:13,0
DA:14,0
DA:23,0
DA:24,0
DA:26,0
DA:30,0
DA:32,0
LF:11
LH:0
end_of_record
SF:lib\features\auth\data\model\user_hive_model.dart
DA:38,0
DA:48,0
DA:51,0
DA:52,0
DA:53,0
DA:54,0
DA:55,0
DA:56,0
DA:57,0
DA:58,0
DA:59,0
DA:60,0
DA:61,0
DA:66,0
DA:67,0
DA:68,0
DA:69,0
DA:70,0
DA:71,0
DA:72,0
DA:73,0
DA:74,0
DA:75,0
DA:76,0
DA:80,0
DA:81,0
DA:82,0
DA:83,0
DA:84,0
DA:85,0
DA:86,0
DA:87,0
DA:88,0
DA:89,0
DA:90,0
LF:35
LH:0
end_of_record
SF:lib\features\auth\data\model\user_hive_model.g.dart
DA:13,0
DA:15,0
DA:16,0
DA:17,0
DA:19,0
DA:20,0
DA:21,0
DA:22,0
DA:23,0
DA:24,0
DA:25,0
DA:26,0
DA:27,0
DA:28,0
DA:32,0
DA:35,0
DA:36,0
DA:37,0
DA:38,0
DA:39,0
DA:40,0
DA:41,0
DA:42,0
DA:43,0
DA:44,0
DA:45,0
DA:46,0
DA:47,0
DA:48,0
DA:49,0
DA:50,0
DA:51,0
DA:52,0
DA:53,0
DA:56,0
DA:57,0
DA:59,0
DA:62,0
DA:63,0
DA:64,0
LF:40
LH:0
end_of_record
SF:lib\features\bookings\data\model\bookings_hive_model.dart
DA:41,0
DA:53,0
DA:56,0
DA:57,0
DA:58,0
DA:59,0
DA:60,0
DA:61,0
DA:62,0
DA:63,0
DA:64,0
DA:65,0
DA:66,0
DA:67,0
DA:72,0
DA:73,0
DA:75,0
DA:77,0
DA:78,0
DA:79,0
DA:80,0
DA:81,0
DA:82,0
DA:83,0
DA:84,0
DA:85,0
DA:89,0
DA:90,0
DA:91,0
DA:92,0
DA:93,0
DA:94,0
DA:95,0
DA:96,0
DA:97,0
DA:98,0
DA:99,0
DA:100,0
LF:38
LH:0
end_of_record
SF:lib\features\bookings\data\model\bookings_hive_model.g.dart
DA:13,0
DA:15,0
DA:16,0
DA:17,0
DA:19,0
DA:20,0
DA:21,0
DA:22,0
DA:23,0
DA:24,0
DA:25,0
DA:26,0
DA:27,0
DA:28,0
DA:29,0
DA:33,0
DA:36,0
DA:37,0
DA:38,0
DA:39,0
DA:40,0
DA:41,0
DA:42,0
DA:43,0
DA:44,0
DA:45,0
DA:46,0
DA:47,0
DA:48,0
DA:49,0
DA:50,0
DA:51,0
DA:52,0
DA:53,0
DA:54,0
DA:55,0
DA:56,0
DA:59,0
DA:60,0
DA:62,0
DA:65,0
DA:66,0
DA:67,0
LF:43
LH:0
end_of_record
SF:lib\features\guides\data\model\guide_hive_model.dart
DA:38,0
DA:48,0
DA:51,0
DA:52,0
DA:53,0
DA:54,0
DA:55,0
DA:56,0
DA:57,0
DA:58,0
DA:59,0
DA:60,0
DA:61,0
DA:66,0
DA:67,0
DA:68,0
DA:69,0
DA:70,0
DA:71,0
DA:72,0
DA:73,0
DA:74,0
DA:75,0
DA:76,0
DA:80,0
DA:81,0
DA:82,0
DA:83,0
DA:84,0
DA:85,0
DA:86,0
DA:87,0
DA:88,0
DA:89,0
DA:90,0
LF:35
LH:0
end_of_record
SF:lib\features\guides\data\model\guide_hive_model.g.dart
DA:13,0
DA:15,0
DA:16,0
DA:17,0
DA:19,0
DA:20,0
DA:21,0
DA:22,0
DA:23,0
DA:24,0
DA:25,0
DA:26,0
DA:27,0
DA:28,0
DA:32,0
DA:35,0
DA:36,0
DA:37,0
DA:38,0
DA:39,0
DA:40,0
DA:41,0
DA:42,0
DA:43,0
DA:44,0
DA:45,0
DA:46,0
DA:47,0
DA:48,0
DA:49,0
DA:50,0
DA:51,0
DA:52,0
DA:53,0
DA:56,0
DA:57,0
DA:59,0
DA:62,0
DA:63,0
DA:64,0
LF:40
LH:0
end_of_record
SF:lib\features\home\data\model\activity_hive_model.g.dart
DA:13,0
DA:15,0
DA:16,0
DA:17,0
DA:19,0
DA:20,0
DA:21,0
DA:22,0
DA:23,0
DA:24,0
DA:25,0
DA:26,0
DA:27,0
DA:28,0
DA:29,0
DA:33,0
DA:36,0
DA:37,0
DA:38,0
DA:39,0
DA:40,0
DA:41,0
DA:42,0
DA:43,0
DA:44,0
DA:45,0
DA:46,0
DA:47,0
DA:48,0
DA:49,0
DA:50,0
DA:51,0
DA:52,0
DA:53,0
DA:54,0
DA:55,0
DA:56,0
DA:59,0
DA:60,0
DA:62,0
DA:65,0
DA:66,0
DA:67,0
LF:43
LH:0
end_of_record
SF:lib\features\home\data\model\activity_hive_model.dart
DA:40,0
DA:53,0
DA:54,0
DA:55,0
DA:56,0
DA:57,0
DA:58,0
DA:59,0
DA:60,0
DA:61,0
DA:62,0
DA:63,0
DA:64,0
DA:69,0
DA:70,0
DA:71,0
DA:72,0
DA:73,0
DA:74,0
DA:75,0
DA:76,0
DA:77,0
DA:78,0
DA:79,0
DA:80,0
DA:85,0
DA:86,0
DA:87,0
DA:88,0
DA:89,0
DA:90,0
DA:91,0
DA:92,0
DA:93,0
DA:94,0
DA:95,0
DA:96,0
DA:101,0
DA:102,0
DA:103,0
DA:104,0
DA:105,0
DA:106,0
DA:107,0
DA:108,0
DA:109,0
DA:110,0
DA:111,0
DA:112,0
DA:116,0
DA:117,0
DA:118,0
DA:119,0
DA:120,0
DA:121,0
DA:122,0
DA:123,0
DA:124,0
DA:125,0
DA:126,0
DA:127,0
LF:61
LH:0
end_of_record
SF:lib\features\auth\data\model\user_api_model.dart
DA:21,0
DA:33,0
DA:34,0
DA:36,0
DA:38,0
DA:39,0
DA:40,0
DA:41,0
DA:42,0
DA:43,0
DA:44,0
DA:45,0
DA:46,0
DA:47,0
DA:48,0
DA:52,0
DA:53,0
DA:54,0
DA:55,0
DA:56,0
DA:57,0
DA:58,0
DA:59,0
DA:60,0
DA:61,0
DA:62,0
DA:66,0
DA:67,0
DA:68,0
DA:69,0
DA:70,0
DA:71,0
DA:72,0
DA:73,0
DA:74,0
DA:75,0
DA:76,0
LF:37
LH:0
end_of_record
SF:lib\features\auth\data\model\user_api_model.g.dart
DA:9,0
DA:10,0
DA:11,0
DA:12,0
DA:13,0
DA:14,0
DA:15,0
DA:16,0
DA:17,0
DA:18,0
DA:19,0
DA:20,0
DA:23,0
DA:24,0
DA:25,0
DA:26,0
DA:27,0
DA:28,0
DA:29,0
DA:30,0
DA:31,0
DA:32,0
DA:33,0
LF:23
LH:0
end_of_record
SF:lib\features\auth\presentation\view\login_view.dart
DA:8,1
DA:14,1
DA:16,1
DA:17,1
DA:18,1
DA:19,1
DA:20,1
DA:21,0
DA:22,0
DA:23,0
DA:24,0
DA:27,1
DA:32,1
DA:33,1
DA:34,1
DA:36,1
DA:37,1
DA:38,1
DA:41,1
DA:45,1
DA:46,1
DA:48,1
DA:51,1
DA:56,1
DA:57,1
DA:59,2
DA:63,1
DA:64,1
DA:66,1
DA:69,1
DA:70,1
DA:73,1
DA:74,1
DA:81,1
DA:82,1
DA:85,1
DA:88,1
DA:89,1
DA:92,1
DA:93,1
DA:100,1
DA:102,1
DA:103,1
DA:113,1
DA:115,1
DA:116,1
DA:117,1
DA:118,1
DA:119,3
DA:120,1
DA:121,1
DA:123,2
DA:124,2
DA:129,1
DA:131,1
DA:132,1
DA:133,1
DA:149,1
DA:150,1
DA:151,1
DA:152,1
DA:154,1
LF:62
LH:58
end_of_record
SF:lib\features\auth\presentation\view_model\login_view_model\login_event.dart
DA:5,2
DA:7,0
DA:8,0
DA:16,2
DA:18,0
DA:19,0
LF:6
LH:2
end_of_record
SF:lib\features\auth\presentation\view_model\login_view_model\login_state.dart
DA:18,2
DA:27,1
DA:35,1
DA:36,1
DA:37,1
DA:38,1
DA:39,1
DA:40,0
DA:41,0
DA:45,1
DA:46,1
DA:47,1
DA:48,1
DA:49,1
DA:50,1
DA:51,1
DA:52,1
LF:17
LH:15
end_of_record
SF:lib\features\auth\presentation\view_model\signup_view_model\signup_event.dart
DA:5,2
DA:7,0
DA:8,0
DA:25,2
DA:34,0
DA:35,0
LF:6
LH:2
end_of_record
SF:lib\features\auth\presentation\view_model\signup_view_model\signup_state.dart
DA:13,26
DA:22,1
DA:31,1
DA:32,1
DA:33,1
DA:34,1
DA:35,1
DA:36,1
DA:37,0
DA:41,1
DA:42,1
DA:43,1
DA:44,1
DA:45,1
DA:46,1
DA:47,1
DA:48,1
LF:17
LH:16
end_of_record
SF:lib\features\bookings\domain\entity\bookings_entity.dart
DA:23,1
DA:43,1
DA:44,1
DA:45,1
DA:46,1
DA:47,1
DA:48,1
DA:49,1
DA:50,1
DA:51,1
DA:52,1
DA:53,1
DA:54,1
DA:55,1
DA:56,1
DA:57,1
DA:58,1
DA:59,1
LF:18
LH:18
end_of_record
SF:lib\features\bookings\data\model\bookings_api_model.dart
DA:30,0
DA:50,0
DA:51,0
DA:61,0
DA:62,0
DA:63,0
DA:65,0
DA:66,0
DA:67,0
DA:68,0
DA:69,0
DA:86,0
DA:87,0
DA:94,0
DA:95,0
DA:96,0
DA:97,0
DA:98,0
DA:99,0
DA:100,0
DA:101,0
DA:105,0
DA:107,0
DA:108,0
DA:109,0
DA:110,0
DA:111,0
DA:112,0
DA:113,0
DA:114,0
DA:115,0
DA:116,0
DA:117,0
DA:118,0
DA:119,0
DA:120,0
DA:121,0
DA:122,0
DA:123,0
DA:127,0
DA:128,0
DA:129,0
DA:130,0
DA:131,0
DA:132,0
DA:133,0
DA:134,0
DA:135,0
DA:136,0
DA:137,0
DA:138,0
DA:139,0
DA:140,0
DA:141,0
DA:142,0
DA:143,0
DA:147,0
DA:148,0
DA:149,0
DA:150,0
DA:151,0
DA:152,0
DA:153,0
DA:154,0
DA:155,0
DA:156,0
DA:157,0
DA:158,0
DA:159,0
DA:160,0
DA:161,0
DA:162,0
DA:163,0
LF:73
LH:0
end_of_record
SF:lib\features\bookings\data\model\bookings_api_model.g.dart
DA:9,0
DA:10,0
DA:11,0
DA:12,0
DA:14,0
DA:15,0
DA:16,0
DA:17,0
DA:18,0
DA:19,0
DA:20,0
DA:21,0
DA:22,0
DA:23,0
DA:24,0
DA:25,0
DA:26,0
DA:29,0
DA:30,0
DA:31,0
DA:32,0
DA:33,0
DA:34,0
DA:35,0
DA:36,0
DA:37,0
DA:38,0
DA:39,0
DA:40,0
DA:41,0
DA:42,0
DA:43,0
DA:44,0
DA:45,0
LF:34
LH:0
end_of_record
SF:lib\features\bookings\presentation\view_model\all_bookings_event.dart
DA:4,0
DA:6,0
DA:7,0
LF:3
LH:0
end_of_record
SF:lib\features\bookings\presentation\view_model\all_bookings_state.dart
DA:5,0
DA:7,0
DA:8,0
DA:18,0
DA:20,0
DA:21,0
DA:27,0
DA:29,0
DA:30,0
LF:9
LH:0
end_of_record
SF:lib\features\bookings\presentation\view_model\booking_event.dart
DA:5,24
DA:7,0
DA:8,0
DA:15,1
DA:17,0
DA:18,0
DA:23,1
DA:25,0
DA:26,0
DA:31,1
DA:33,0
DA:34,0
DA:40,1
DA:42,0
DA:43,0
DA:47,23
DA:52,24
LF:17
LH:7
end_of_record
SF:lib\features\bookings\presentation\view_model\booking_state.dart
DA:16,24
DA:28,1
DA:39,1
DA:40,1
DA:41,1
DA:42,1
DA:43,1
DA:44,1
DA:46,1
DA:47,1
DA:48,1
DA:52,1
DA:53,1
DA:54,1
DA:55,1
DA:56,1
DA:57,1
DA:58,1
DA:59,1
DA:60,1
DA:61,1
DA:62,1
LF:22
LH:22
end_of_record
SF:lib\features\guides\domain\entity\guide_entity.dart
DA:12,0
DA:24,0
DA:26,0
DA:27,0
DA:28,0
LF:5
LH:0
end_of_record
SF:lib\features\dashboard\presentation\view_model\dashboard_event.dart
DA:6,2
DA:8,0
DA:9,0
DA:15,1
DA:17,0
DA:18,0
DA:24,1
DA:26,0
DA:27,0
LF:9
LH:3
end_of_record
SF:lib\features\dashboard\presentation\view_model\dashboard_state.dart
DA:8,26
DA:10,1
DA:13,1
DA:14,0
DA:18,1
DA:19,2
LF:6
LH:5
end_of_record
SF:lib\features\home\data\model\activity_api_model.dart
DA:22,3
DA:35,0
DA:36,0
DA:38,0
DA:40,0
DA:41,0
DA:42,0
DA:43,0
DA:44,0
DA:45,0
DA:46,0
DA:47,0
DA:48,0
DA:49,0
DA:50,0
DA:51,0
DA:55,0
DA:56,0
DA:57,0
DA:58,0
DA:59,0
DA:60,0
DA:61,0
DA:62,0
DA:63,0
DA:64,0
DA:65,0
DA:66,0
DA:70,1
DA:71,1
DA:72,1
DA:73,1
DA:74,1
DA:75,1
DA:76,1
DA:77,1
DA:78,1
DA:79,1
DA:80,1
DA:81,1
LF:40
LH:13
end_of_record
SF:lib\features\home\data\model\activity_api_model.g.dart
DA:9,0
DA:10,0
DA:11,0
DA:12,0
DA:13,0
DA:15,0
DA:16,0
DA:17,0
DA:18,0
DA:19,0
DA:20,0
DA:21,0
DA:24,0
DA:25,0
DA:26,0
DA:27,0
DA:28,0
DA:29,0
DA:30,0
DA:31,0
DA:32,0
DA:33,0
DA:34,0
DA:35,0
LF:24
LH:0
end_of_record
SF:lib\features\favorites\presentation\view_model\favorites_event.dart
DA:5,25
DA:7,0
DA:8,0
DA:12,24
DA:18,1
DA:20,0
DA:21,0
DA:27,1
DA:29,0
DA:30,0
LF:10
LH:4
end_of_record
SF:lib\features\favorites\presentation\view_model\favorites_state.dart
DA:5,26
DA:7,1
DA:8,1
DA:12,23
DA:16,25
DA:22,2
DA:24,1
DA:25,2
DA:31,3
DA:33,1
DA:34,2
LF:11
LH:11
end_of_record
SF:lib\features\guides\data\model\guide_api_model.dart
DA:20,0
DA:32,0
DA:33,0
DA:35,0
DA:37,0
DA:38,0
DA:39,0
DA:40,0
DA:41,0
DA:42,0
DA:43,0
DA:44,0
DA:45,0
DA:46,0
DA:47,0
DA:51,0
DA:52,0
DA:53,0
DA:54,0
DA:55,0
DA:56,0
DA:57,0
DA:58,0
DA:59,0
DA:60,0
DA:61,0
DA:65,0
DA:66,0
DA:67,0
DA:68,0
DA:69,0
DA:70,0
DA:71,0
DA:72,0
DA:73,0
DA:74,0
DA:75,0
LF:37
LH:0
end_of_record
SF:lib\features\guides\data\model\guide_api_model.g.dart
DA:9,0
DA:10,0
DA:11,0
DA:12,0
DA:13,0
DA:14,0
DA:15,0
DA:16,0
DA:17,0
DA:18,0
DA:19,0
DA:20,0
DA:21,0
DA:22,0
DA:23,0
DA:26,0
DA:27,0
DA:28,0
DA:29,0
DA:30,0
DA:31,0
DA:32,0
DA:33,0
DA:34,0
DA:35,0
DA:36,0
LF:26
LH:0
end_of_record
SF:lib\features\home\domain\entity\activity_entity.dart
DA:13,5
DA:26,1
DA:28,6
DA:29,5
LF:4
LH:4
end_of_record
SF:lib\features\home\presentation\view\home_screen.dart
DA:39,0
DA:41,0
DA:43,0
DA:44,0
DA:45,0
DA:48,0
DA:49,0
DA:50,0
DA:51,0
DA:53,0
DA:54,0
DA:55,0
DA:56,0
DA:57,0
DA:61,0
DA:62,0
DA:64,0
DA:65,0
DA:66,0
DA:67,0
DA:70,0
DA:71,0
DA:72,0
DA:73,0
DA:74,0
DA:75,0
DA:76,0
DA:77,0
DA:78,0
DA:79,0
DA:80,0
DA:83,0
DA:85,0
DA:86,0
DA:91,0
DA:96,0
DA:101,0
DA:108,0
DA:116,0
DA:117,0
DA:125,0
DA:126,0
DA:128,0
DA:129,0
DA:132,0
DA:133,0
DA:136,0
DA:139,0
DA:141,0
DA:144,0
DA:148,0
DA:150,0
DA:153,0
DA:154,0
DA:155,0
DA:159,0
DA:174,0
DA:175,0
DA:176,0
DA:178,0
DA:180,0
DA:183,0
DA:185,0
DA:189,0
DA:191,0
DA:193,0
DA:197,0
DA:198,0
DA:199,0
DA:203,0
DA:218,0
DA:223,0
DA:231,0
DA:232,0
DA:233,0
DA:234,0
DA:235,0
DA:236,0
DA:239,0
DA:240,0
DA:241,0
DA:249,0
DA:250,0
DA:252,0
DA:254,0
DA:255,0
DA:257,0
DA:259,0
DA:266,0
DA:267,0
DA:269,0
DA:271,0
DA:272,0
DA:274,0
DA:279,0
DA:280,0
DA:282,0
DA:284,0
DA:288,0
DA:290,0
DA:297,0
DA:298,0
DA:299,0
DA:300,0
DA:309,0
DA:310,0
DA:311,0
DA:312,0
DA:314,0
DA:316,0
DA:317,0
DA:318,0
DA:319,0
DA:325,0
DA:327,0
DA:328,0
DA:330,0
DA:332,0
DA:333,0
DA:342,0
DA:344,0
DA:345,0
DA:346,0
DA:348,0
DA:349,0
DA:350,0
DA:351,0
DA:377,0
DA:378,0
DA:380,0
DA:381,0
DA:383,0
DA:386,0
DA:390,0
DA:392,0
DA:395,0
DA:400,0
DA:402,0
DA:404,0
DA:412,0
DA:413,0
DA:414,0
DA:416,0
DA:417,0
DA:418,0
DA:419,0
DA:425,0
DA:426,0
DA:428,0
DA:429,0
DA:430,0
DA:433,0
DA:434,0
DA:435,0
DA:437,0
DA:451,0
DA:452,0
DA:454,0
DA:455,0
DA:457,0
DA:460,0
DA:464,0
DA:466,0
DA:468,0
DA:476,0
DA:477,0
DA:479,0
DA:481,0
DA:482,0
DA:483,0
DA:484,0
DA:490,0
DA:494,0
DA:504,0
DA:506,0
DA:508,0
DA:511,0
DA:512,0
DA:513,0
DA:516,0
DA:517,0
DA:520,0
DA:521,0
DA:522,0
DA:525,0
DA:526,0
DA:527,0
DA:531,0
DA:532,0
DA:533,0
DA:538,0
DA:539,0
DA:540,0
DA:543,0
LF:194
LH:0
end_of_record
SF:lib\features\home\presentation\view\widgets\adventure_card.dart
DA:9,0
DA:10,0
DA:11,0
DA:13,0
DA:15,0
DA:22,0
DA:24,0
DA:25,0
DA:28,0
DA:29,0
DA:30,0
DA:31,0
DA:33,0
DA:35,0
DA:36,0
DA:37,0
DA:42,0
DA:43,0
DA:45,0
DA:46,0
DA:47,0
DA:48,0
DA:54,0
DA:56,0
DA:57,0
DA:59,0
DA:60,0
DA:65,0
DA:67,0
DA:68,0
DA:69,0
DA:73,0
DA:74,0
DA:75,0
DA:76,0
DA:81,0
DA:84,0
DA:86,0
DA:91,0
DA:94,0
DA:99,0
DA:100,0
DA:101,0
DA:103,0
DA:105,0
DA:108,0
DA:109,0
DA:124,0
DA:126,0
DA:128,0
DA:130,0
DA:131,0
DA:132,0
DA:142,0
DA:143,0
DA:144,0
DA:147,0
DA:150,0
DA:151,0
DA:152,0
DA:155,0
DA:160,0
DA:161,0
DA:162,0
DA:163,0
DA:164,0
DA:166,0
DA:167,0
DA:168,0
DA:171,0
DA:172,0
DA:180,0
DA:181,0
DA:182,0
DA:183,0
DA:191,0
DA:193,0
DA:194,0
DA:195,0
LF:79
LH:0
end_of_record
SF:lib\features\home\presentation\view_model\home_event.dart
DA:6,24
DA:8,0
DA:9,0
DA:13,24
DA:15,0
DA:16,0
LF:6
LH:2
end_of_record
SF:lib\features\home\presentation\view_model\home_state.dart
DA:7,25
DA:9,0
DA:10,0
DA:14,24
DA:16,0
DA:17,0
DA:21,24
DA:23,1
DA:24,1
DA:30,1
DA:32,1
DA:33,2
DA:39,2
DA:41,1
DA:42,2
LF:15
LH:11
end_of_record
SF:lib\features\home\presentation\view\widgets\adventure_detail_screen.dart
DA:15,0
DA:17,0
DA:19,0
DA:20,0
DA:21,0
DA:22,0
DA:23,0
DA:29,0
DA:31,0
DA:32,0
DA:33,0
DA:34,0
DA:35,0
DA:36,0
DA:42,0
DA:47,0
DA:50,0
DA:51,0
DA:53,0
DA:54,0
DA:55,0
DA:56,0
DA:57,0
DA:58,0
DA:64,0
DA:65,0
DA:67,0
DA:68,0
DA:70,0
DA:71,0
DA:75,0
DA:77,0
DA:78,0
DA:81,0
DA:82,0
DA:91,0
DA:92,0
DA:94,0
DA:95,0
DA:96,0
DA:97,0
DA:101,0
DA:106,0
DA:107,0
DA:108,0
DA:111,0
DA:113,0
DA:122,0
DA:123,0
DA:131,0
DA:133,0
DA:135,0
DA:136,0
DA:138,0
DA:139,0
DA:140,0
DA:141,0
DA:142,0
DA:144,0
DA:146,0
DA:152,0
DA:157,0
DA:158,0
DA:159,0
DA:161,0
DA:163,0
DA:170,0
DA:171,0
DA:172,0
DA:173,0
DA:184,0
DA:185,0
DA:186,0
DA:187,0
DA:191,0
DA:195,0
DA:196,0
DA:204,0
DA:205,0
DA:209,0
DA:215,0
DA:217,0
DA:219,0
DA:223,0
DA:225,0
DA:226,0
DA:231,0
DA:233,0
DA:235,0
DA:239,0
DA:244,0
DA:245,0
DA:247,0
DA:249,0
DA:250,0
DA:254,0
DA:256,0
DA:260,0
DA:261,0
DA:263,0
DA:265,0
DA:266,0
DA:275,0
DA:276,0
DA:278,0
DA:279,0
DA:280,0
DA:284,0
DA:285,0
DA:287,0
DA:289,0
DA:290,0
DA:292,0
DA:293,0
DA:295,0
DA:296,0
DA:298,0
DA:299,0
DA:300,0
DA:301,0
DA:304,0
DA:306,0
DA:307,0
DA:308,0
DA:309,0
DA:311,0
DA:317,0
DA:319,0
DA:320,0
DA:321,0
DA:322,0
DA:328,0
DA:333,0
DA:334,0
DA:335,0
DA:337,0
DA:339,0
DA:340,0
DA:349,0
DA:352,0
DA:353,0
DA:358,0
DA:359,0
DA:362,0
DA:363,0
DA:365,0
DA:366,0
DA:369,0
DA:371,0
DA:374,0
DA:376,0
DA:378,0
DA:390,0
DA:401,0
DA:407,0
DA:409,0
DA:410,0
DA:411,0
DA:412,0
DA:414,0
DA:415,0
DA:416,0
DA:418,0
DA:420,0
DA:421,0
DA:427,0
DA:429,0
DA:431,0
DA:440,0
DA:445,0
DA:449,0
DA:450,0
DA:451,0
DA:452,0
LF:174
LH:0
end_of_record
SF:lib\features\home\presentation\view\widgets\booking_bottom_sheet_content.dart
DA:16,0
DA:22,0
DA:24,0
DA:31,0
DA:33,0
DA:34,0
DA:35,0
DA:36,0
DA:37,0
DA:40,0
DA:43,0
DA:44,0
DA:46,0
DA:47,0
DA:48,0
DA:50,0
DA:51,0
DA:55,0
DA:57,0
DA:58,0
DA:60,0
DA:70,0
DA:75,0
DA:77,0
DA:78,0
DA:79,0
DA:80,0
DA:81,0
DA:82,0
DA:83,0
DA:84,0
DA:88,0
DA:89,0
DA:93,0
DA:94,0
DA:95,0
DA:96,0
DA:97,0
DA:100,0
DA:101,0
DA:105,0
DA:108,0
DA:109,0
DA:118,0
DA:121,0
DA:122,0
DA:124,0
DA:125,0
DA:127,0
DA:129,0
DA:132,0
DA:134,0
DA:139,0
DA:142,0
DA:145,0
DA:147,0
DA:149,0
DA:153,0
DA:155,0
DA:156,0
DA:157,0
DA:158,0
DA:162,0
DA:168,0
DA:169,0
DA:170,0
DA:171,0
DA:172,0
DA:175,0
DA:176,0
DA:177,0
DA:178,0
DA:180,0
DA:181,0
DA:183,0
DA:185,0
DA:186,0
DA:190,0
DA:192,0
DA:194,0
DA:198,0
DA:199,0
DA:200,0
DA:201,0
DA:202,0
DA:203,0
DA:204,0
DA:208,0
DA:219,0
DA:220,0
DA:221,0
DA:222,0
DA:229,0
DA:232,0
DA:233,0
DA:238,0
DA:239,0
DA:242,0
DA:244,0
DA:245,0
DA:246,0
DA:248,0
DA:249,0
DA:250,0
DA:251,0
DA:252,0
DA:253,0
DA:255,0
DA:256,0
DA:266,0
DA:268,0
DA:271,0
DA:285,0
DA:290,0
DA:292,0
DA:293,0
DA:295,0
DA:297,0
DA:301,0
DA:303,0
DA:304,0
DA:305,0
DA:306,0
DA:310,0
DA:316,0
DA:317,0
DA:318,0
DA:319,0
LF:128
LH:0
end_of_record
SF:lib\features\profile\presentation\view_model\profile_event.dart
DA:6,1
DA:8,0
DA:9,0
DA:25,1
DA:32,0
DA:33,0
LF:6
LH:2
end_of_record
SF:lib\features\profile\presentation\view_model\profile_state.dart
DA:15,25
DA:23,1
DA:29,1
DA:30,0
DA:31,1
DA:32,1
DA:33,1
DA:37,1
DA:38,5
LF:9
LH:8
end_of_record
SF:lib\features\auth\presentation\view\signup_view.dart
DA:8,1
DA:12,1
DA:14,1
DA:15,1
DA:16,1
DA:17,1
DA:18,1
DA:19,1
DA:21,1
DA:22,1
DA:23,1
DA:24,1
DA:26,1
DA:27,1
DA:28,1
DA:30,1
DA:31,1
DA:32,1
DA:35,1
DA:39,1
DA:40,1
DA:42,1
DA:45,1
DA:50,1
DA:51,1
DA:53,2
DA:59,1
DA:61,1
DA:62,1
DA:63,2
DA:72,1
DA:74,1
DA:75,1
DA:76,2
DA:85,1
DA:88,1
DA:89,1
DA:90,2
DA:99,1
DA:102,1
DA:106,1
DA:107,2
DA:116,1
DA:119,1
DA:120,1
DA:121,1
DA:123,2
DA:132,1
DA:134,1
DA:135,1
DA:136,1
DA:137,1
DA:138,3
DA:139,1
DA:140,1
DA:142,1
DA:143,1
DA:144,1
DA:145,1
DA:146,1
DA:151,1
DA:153,1
DA:154,1
DA:155,1
DA:173,1
DA:174,1
DA:175,1
DA:176,1
DA:178,1
DA:203,1
DA:204,1
DA:206,1
DA:207,2
LF:73
LH:73
end_of_record
SF:lib\features\dashboard\presentation\view\dashboard_view.dart
DA:24,1
DA:26,0
DA:27,0
DA:36,0
DA:38,0
DA:40,0
DA:41,0
DA:44,0
DA:46,0
DA:48,0
DA:53,0
DA:56,0
DA:57,0
DA:61,0
DA:63,0
DA:65,0
DA:67,0
DA:68,0
DA:69,0
DA:70,0
DA:72,0
DA:75,0
DA:76,0
DA:77,0
DA:78,0
DA:81,0
DA:82,0
DA:83,0
DA:86,0
DA:87,0
DA:88,0
DA:89,0
DA:96,0
DA:97,0
DA:98,0
DA:99,0
DA:100,0
DA:103,0
DA:104,0
DA:106,0
DA:107,0
DA:110,0
DA:112,0
DA:113,0
DA:114,0
DA:115,0
DA:125,0
DA:127,0
DA:128,0
DA:129,0
DA:130,0
DA:131,0
DA:132,0
DA:133,0
DA:134,0
DA:135,0
DA:136,0
DA:137,0
DA:146,0
DA:147,0
DA:152,0
DA:153,0
DA:154,0
DA:157,0
DA:158,0
DA:159,0
DA:164,0
DA:165,0
DA:166,0
DA:168,0
DA:174,0
DA:175,0
DA:176,0
DA:177,0
DA:196,0
DA:197,0
DA:198,0
DA:201,0
DA:203,0
DA:205,0
DA:206,0
DA:207,0
DA:208,0
DA:221,0
DA:222,0
DA:223,0
DA:224,0
DA:226,0
DA:228,0
DA:230,0
DA:231,0
DA:232,0
DA:233,0
DA:252,0
DA:258,0
DA:260,0
DA:261,0
DA:262,0
DA:264,0
LF:99
LH:1
end_of_record
SF:lib\features\bookings\presentation\view\all_bookings_view.dart
DA:10,0
DA:12,0
DA:14,0
DA:16,0
DA:18,0
DA:19,0
DA:20,0
DA:21,0
DA:23,0
DA:24,0
DA:26,0
DA:27,0
DA:28,0
DA:30,0
DA:38,0
DA:65,0
DA:66,0
DA:67,0
DA:69,0
DA:70,0
DA:73,0
DA:74,0
DA:75,0
DA:76,0
DA:77,0
DA:101,0
DA:104,0
DA:106,0
DA:116,0
DA:120,0
DA:121,0
DA:122,0
DA:127,0
DA:128,0
DA:129,0
DA:131,0
DA:132,0
DA:133,0
DA:134,0
DA:135,0
DA:138,0
DA:152,0
DA:158,0
DA:159,0
DA:171,0
DA:173,0
DA:174,0
DA:178,0
DA:184,0
DA:185,0
DA:187,0
DA:188,0
DA:190,0
DA:191,0
DA:195,0
DA:196,0
DA:197,0
DA:202,0
DA:204,0
DA:205,0
DA:206,0
DA:209,0
DA:210,0
DA:211,0
DA:212,0
DA:214,0
DA:216,0
DA:218,0
DA:219,0
DA:220,0
DA:227,0
DA:228,0
DA:229,0
DA:230,0
DA:232,0
DA:234,0
DA:236,0
DA:237,0
DA:238,0
DA:245,0
DA:247,0
DA:249,0
DA:250,0
DA:252,0
DA:254,0
DA:255,0
DA:256,0
DA:257,0
DA:258,0
DA:259,0
DA:260,0
DA:261,0
DA:262,0
DA:263,0
DA:264,0
DA:265,0
DA:266,0
DA:267,0
DA:268,0
DA:270,0
DA:271,0
DA:272,0
DA:273,0
DA:274,0
DA:276,0
DA:281,0
DA:282,0
DA:283,0
DA:286,0
DA:287,0
DA:288,0
DA:293,0
DA:294,0
DA:301,0
DA:302,0
DA:303,0
DA:304,0
DA:306,0
DA:307,0
DA:308,0
DA:309,0
DA:310,0
DA:311,0
DA:312,0
DA:315,0
DA:317,0
DA:318,0
DA:319,0
DA:322,0
DA:325,0
DA:331,0
DA:334,0
DA:335,0
DA:336,0
DA:337,0
DA:338,0
DA:341,0
DA:342,0
DA:343,0
DA:354,0
DA:355,0
DA:356,0
DA:361,0
DA:364,0
DA:366,0
DA:379,0
DA:383,0
DA:384,0
DA:396,0
DA:398,0
DA:401,0
DA:413,0
DA:414,0
DA:418,0
DA:421,0
DA:424,0
DA:426,0
DA:438,0
DA:439,0
DA:440,0
DA:441,0
DA:442,0
DA:443,0
DA:445,0
DA:446,0
DA:450,0
DA:451,0
DA:452,0
DA:453,0
DA:464,0
DA:467,0
DA:468,0
DA:469,0
DA:476,0
DA:477,0
DA:478,0
DA:480,0
DA:485,0
DA:486,0
DA:487,0
DA:492,0
DA:493,0
DA:495,0
DA:500,0
DA:503,0
DA:507,0
DA:510,0
DA:512,0
DA:517,0
DA:522,0
DA:524,0
DA:528,0
DA:533,0
DA:534,0
DA:539,0
DA:571,0
DA:577,0
DA:579,0
DA:581,0
DA:582,0
DA:583,0
DA:587,0
DA:588,0
DA:589,0
DA:590,0
DA:591,0
DA:598,0
DA:600,0
DA:601,0
DA:603,0
DA:604,0
DA:605,0
DA:606,0
DA:625,0
DA:633,0
DA:635,0
DA:637,0
DA:639,0
DA:640,0
DA:642,0
DA:643,0
DA:644,0
DA:648,0
DA:649,0
DA:651,0
DA:654,0
DA:655,0
DA:657,0
DA:658,0
DA:659,0
DA:660,0
DA:662,0
DA:668,0
DA:669,0
DA:670,0
DA:673,0
DA:674,0
DA:688,0
DA:690,0
DA:692,0
DA:693,0
DA:695,0
DA:697,0
DA:698,0
DA:701,0
DA:702,0
DA:703,0
DA:704,0
DA:705,0
DA:711,0
DA:712,0
DA:733,0
DA:734,0
DA:735,0
DA:737,0
DA:744,0
DA:745,0
DA:751,0
DA:752,0
DA:753,0
DA:754,0
DA:761,0
DA:762,0
DA:763,0
DA:773,0
DA:781,0
DA:782,0
LF:267
LH:0
end_of_record
SF:lib\features\favorites\presentation\view\favorites_screen.dart
DA:7,1
DA:9,1
DA:11,1
DA:12,1
DA:13,1
DA:14,1
DA:18,1
DA:19,1
DA:20,1
DA:21,1
DA:27,1
DA:28,2
DA:33,0
DA:34,0
DA:35,0
DA:36,0
DA:37,0
DA:39,0
DA:40,0
DA:41,0
DA:47,0
DA:48,0
DA:49,0
LF:23
LH:12
end_of_record
SF:lib\features\profile\presentation\view\profile_screen.dart
DA:13,1
DA:15,1
DA:16,1
DA:32,0
DA:34,0
DA:35,0
DA:36,0
DA:37,0
DA:38,0
DA:39,0
DA:41,0
DA:42,0
DA:44,0
DA:48,0
DA:49,0
DA:51,0
DA:54,0
DA:55,0
DA:56,0
DA:60,0
DA:64,0
DA:65,0
DA:66,0
DA:67,0
DA:68,0
DA:69,0
DA:71,0
DA:72,0
DA:74,0
DA:75,0
DA:80,1
DA:82,1
DA:83,1
DA:84,1
DA:85,1
DA:86,1
DA:89,0
DA:90,0
DA:93,0
DA:94,0
DA:95,0
DA:96,0
DA:97,0
DA:98,0
DA:99,0
DA:100,0
DA:106,0
DA:107,0
DA:108,0
DA:109,0
DA:111,0
DA:112,0
DA:115,0
DA:116,0
DA:120,1
DA:122,1
DA:123,1
DA:124,1
DA:125,1
DA:126,2
DA:127,0
DA:128,0
DA:129,0
DA:130,0
DA:138,0
DA:140,0
DA:141,0
DA:146,2
DA:147,0
DA:148,0
DA:149,0
DA:150,0
DA:151,0
DA:152,0
DA:154,0
DA:159,1
DA:160,3
DA:164,1
DA:168,0
DA:170,0
DA:171,0
DA:172,0
DA:178,0
DA:179,0
DA:180,0
DA:183,0
DA:198,0
DA:199,0
DA:200,0
DA:201,0
DA:202,0
DA:203,0
DA:205,0
DA:206,0
DA:207,0
DA:209,0
DA:211,0
DA:212,0
DA:214,0
DA:216,0
DA:217,0
DA:218,0
DA:219,0
DA:222,0
DA:223,0
DA:224,0
DA:230,0
DA:232,0
DA:233,0
DA:239,0
DA:241,0
DA:243,0
DA:244,0
DA:245,0
DA:246,0
DA:247,0
DA:248,0
DA:255,0
DA:258,0
DA:259,0
DA:260,0
DA:262,0
DA:265,0
DA:266,0
DA:267,0
DA:275,0
DA:278,0
DA:294,0
DA:297,0
DA:298,0
DA:299,0
DA:305,0
DA:306,0
DA:312,0
DA:313,0
DA:322,0
DA:323,0
DA:326,0
DA:327,0
DA:328,0
DA:329,0
DA:330,0
DA:333,0
DA:334,0
DA:335,0
DA:336,0
DA:342,0
DA:344,0
DA:346,0
DA:348,0
DA:349,0
DA:350,0
DA:352,0
DA:402,0
DA:407,0
DA:408,0
DA:410,0
DA:411,0
DA:412,0
DA:413,0
DA:420,0
DA:422,0
DA:423,0
DA:424,0
DA:425,0
DA:427,0
DA:428,0
DA:429,0
DA:431,0
DA:434,0
DA:436,0
DA:439,0
DA:445,0
DA:451,0
DA:457,0
DA:460,0
DA:461,0
DA:463,0
DA:464,0
DA:466,0
DA:467,0
DA:473,0
DA:475,0
DA:476,0
DA:479,0
DA:482,0
DA:483,0
DA:484,0
DA:486,0
DA:489,0
DA:490,0
DA:491,0
DA:494,0
DA:495,0
DA:496,0
DA:498,0
DA:499,0
DA:500,0
DA:502,0
DA:503,0
DA:504,0
DA:506,0
DA:507,0
DA:508,0
LF:204
LH:19
end_of_record
SF:lib\core\utils\url_utils.dart
DA:5,0
DA:6,0
DA:9,0
DA:10,0
LF:4
LH:0
end_of_record
