SF:lib\core\error\failure.dart
DA:6,4
DA:8,0
DA:9,0
DA:14,0
DA:19,0
DA:23,4
DA:27,0
LF:7
LH:2
end_of_record
SF:lib\features\auth\domain\use_case\auth_login_usecase.dart
DA:11,2
DA:13,1
DA:14,2
DA:15,6
DA:21,1
DA:24,1
DA:26,2
DA:27,1
DA:28,1
LF:9
LH:9
end_of_record
SF:lib\core\common\snackbar\my_snack_bar.dart
DA:3,0
DA:8,0
DA:9,0
DA:10,0
LF:4
LH:0
end_of_record
SF:lib\features\auth\domain\entity\user_entity.dart
DA:12,1
DA:22,0
DA:23,0
LF:3
LH:1
end_of_record
SF:lib\features\auth\presentation\view_model\login_view_model\login_event.dart
DA:5,2
DA:7,0
DA:8,0
DA:16,2
DA:18,0
DA:19,0
LF:6
LH:2
end_of_record
SF:lib\features\auth\presentation\view_model\login_view_model\login_state.dart
DA:18,2
DA:27,1
DA:35,1
DA:36,1
DA:37,1
DA:38,1
DA:39,1
DA:40,0
DA:41,0
DA:45,1
DA:46,1
DA:47,1
DA:48,1
DA:49,1
DA:50,1
DA:51,1
DA:52,1
LF:17
LH:15
end_of_record
SF:lib\features\auth\presentation\view_model\login_view_model\login_view_model.dart
DA:17,1
DA:26,2
DA:27,2
DA:30,1
DA:31,1
DA:32,1
DA:34,1
DA:35,2
DA:41,2
DA:43,2
DA:44,1
DA:47,1
DA:48,1
DA:49,1
DA:50,2
DA:55,2
DA:56,1
DA:61,1
DA:62,1
DA:63,2
DA:68,2
DA:69,1
LF:22
LH:22
end_of_record
SF:lib\features\auth\domain\use_case\auth_register_usecase.dart
DA:15,2
DA:23,1
DA:31,2
DA:32,12
DA:39,1
DA:41,1
DA:43,1
DA:44,1
DA:45,1
DA:46,1
DA:47,1
DA:48,1
DA:51,2
LF:13
LH:13
end_of_record
SF:lib\features\auth\presentation\view\signup_view.dart
DA:8,1
DA:12,1
DA:14,1
DA:15,1
DA:16,1
DA:17,1
DA:18,1
DA:19,1
DA:21,1
DA:22,1
DA:23,1
DA:24,1
DA:26,1
DA:27,1
DA:28,1
DA:30,1
DA:31,1
DA:32,1
DA:35,1
DA:39,1
DA:40,1
DA:42,1
DA:45,1
DA:50,1
DA:51,1
DA:53,2
DA:59,1
DA:61,1
DA:62,1
DA:63,2
DA:72,1
DA:74,1
DA:75,1
DA:76,2
DA:85,1
DA:88,1
DA:89,1
DA:90,2
DA:99,1
DA:102,1
DA:106,1
DA:107,2
DA:116,1
DA:119,1
DA:120,1
DA:121,1
DA:123,2
DA:132,1
DA:134,1
DA:135,1
DA:136,1
DA:137,1
DA:138,3
DA:139,1
DA:140,1
DA:142,1
DA:143,1
DA:144,1
DA:145,1
DA:146,1
DA:151,1
DA:153,1
DA:154,1
DA:155,1
DA:173,1
DA:174,1
DA:175,1
DA:176,1
DA:178,1
DA:203,1
DA:204,1
DA:206,1
DA:207,2
LF:73
LH:73
end_of_record
SF:lib\features\auth\presentation\view_model\signup_view_model\signup_event.dart
DA:5,2
DA:7,0
DA:8,0
DA:25,2
DA:34,0
DA:35,0
LF:6
LH:2
end_of_record
SF:lib\features\auth\presentation\view_model\signup_view_model\signup_state.dart
DA:13,6
DA:22,1
DA:31,1
DA:32,1
DA:33,1
DA:34,1
DA:35,1
DA:36,1
DA:37,0
DA:41,1
DA:42,1
DA:43,1
DA:44,1
DA:45,1
DA:46,1
DA:47,1
DA:48,1
LF:17
LH:16
end_of_record
SF:lib\features\auth\presentation\view_model\signup_view_model\signup_view_model.dart
DA:20,1
DA:29,1
DA:30,2
DA:33,1
DA:37,3
DA:39,2
DA:40,1
DA:41,1
DA:42,1
DA:43,1
DA:44,1
DA:45,1
DA:49,1
DA:51,1
DA:52,1
DA:53,3
DA:54,2
DA:55,1
DA:60,1
DA:61,3
DA:62,2
DA:63,1
LF:22
LH:22
end_of_record
SF:lib\features\auth\presentation\view\login_view.dart
DA:9,1
DA:15,1
DA:17,1
DA:18,1
DA:19,1
DA:20,1
DA:21,1
DA:25,1
DA:26,4
DA:27,4
DA:30,1
DA:32,1
DA:33,1
DA:34,1
DA:36,1
DA:37,1
DA:38,1
DA:41,1
DA:45,1
DA:46,1
DA:48,1
DA:51,1
DA:56,1
DA:57,1
DA:59,2
DA:63,1
DA:64,1
DA:66,1
DA:69,1
DA:70,1
DA:73,1
DA:74,1
DA:81,1
DA:82,1
DA:85,1
DA:88,1
DA:89,1
DA:92,1
DA:93,1
DA:100,1
DA:102,1
DA:103,1
DA:113,1
DA:115,1
DA:116,1
DA:117,1
DA:118,1
DA:119,3
DA:120,1
DA:121,1
DA:123,2
DA:124,2
DA:129,1
DA:131,1
DA:132,1
DA:133,1
DA:149,1
DA:150,1
DA:151,1
DA:152,1
DA:154,1
LF:61
LH:61
end_of_record
SF:lib\features\home\presentation\view\home_screen.dart
DA:4,1
DA:6,1
DA:7,1
DA:13,1
DA:15,1
DA:24,1
DA:25,1
DA:26,1
DA:27,1
DA:28,1
DA:29,1
DA:30,1
DA:33,1
DA:34,1
DA:36,1
DA:37,1
DA:63,1
DA:65,1
DA:66,1
DA:67,1
DA:78,1
DA:79,1
DA:82,1
DA:85,1
DA:87,1
DA:89,1
DA:90,1
DA:91,1
DA:92,1
DA:93,2
DA:94,3
DA:95,1
DA:96,1
DA:104,1
DA:111,2
DA:112,1
DA:114,1
DA:115,1
DA:116,1
DA:117,1
DA:118,1
DA:119,1
DA:125,1
DA:126,1
DA:132,1
DA:137,2
DA:138,2
DA:139,2
DA:142,1
DA:144,1
DA:158,2
DA:159,1
DA:161,1
DA:162,1
DA:164,1
DA:166,1
DA:167,1
DA:168,0
DA:169,0
DA:171,3
DA:173,1
DA:174,0
DA:175,0
DA:177,3
DA:181,1
DA:182,0
DA:183,0
DA:185,3
DA:187,1
DA:188,0
DA:189,3
DA:193,1
DA:197,0
DA:198,1
LF:74
LH:66
end_of_record
